This is pdfTeX, Version 3.141592653-2.6-1.40.25 (TeX Live 2023) (preloaded format=pdflatex 2023.4.8)  7 MAY 2023 21:55
entering extended mode
 restricted \write18 enabled.
 file:line:error style messages enabled.
 %&-line parsing enabled.
**c:/Users/user/Desktop/iiswcZ-001-20230408T074902Z-001/iiswcZ-001/iiswc/iiswc22-camera/iiswc22example.tex
(c:/Users/user/Desktop/iiswcZ-001-20230408T074902Z-001/iiswcZ-001/iiswc/iiswc22-camera/iiswc22example.tex
LaTeX2e <2022-11-01> patch level 1
L3 programming layer <2023-03-30> (./iiswc22.cls
Document Class: iiswc22 2022/09/09 V1.0 by Saugata Ghose
-- See the "IEEEtran_HOWTO" manual for usage information.
-- http://www.michaelshell.org/tex/ieeetran/
\@IEEEtrantmpdimenA=\dimen140
\@IEEEtrantmpdimenB=\dimen141
\@IEEEtrantmpdimenC=\dimen142
\@IEEEtrantmpcountA=\count185
\@IEEEtrantmpcountB=\count186
\@IEEEtrantmpcountC=\count187
\@IEEEtrantmptoksA=\toks16
LaTeX Font Info:    Trying to load font information for OT1+ptm on input line 504.
(c:/texlive/2023/texmf-dist/tex/latex/psnfss/ot1ptm.fd
File: ot1ptm.fd 2001/06/04 font definitions for OT1/ptm.
)
-- Using IEEE Computer Society mode.
-- Using 8.5in x 11in (letter) paper.
-- Using PDF output.
\@IEEEnormalsizeunitybaselineskip=\dimen143
-- This is a 10 point document.
\CLASSINFOnormalsizebaselineskip=\dimen144
\CLASSINFOnormalsizeunitybaselineskip=\dimen145
\IEEEnormaljot=\dimen146
LaTeX Font Info:    Font shape `OT1/ptm/bx/n' in size <5.01874> not available
(Font)              Font shape `OT1/ptm/b/n' tried instead on input line 1091.
LaTeX Font Info:    Font shape `OT1/ptm/bx/it' in size <5.01874> not available
(Font)              Font shape `OT1/ptm/b/it' tried instead on input line 1091.
LaTeX Font Info:    Font shape `OT1/ptm/bx/n' in size <7.02625> not available
(Font)              Font shape `OT1/ptm/b/n' tried instead on input line 1091.
LaTeX Font Info:    Font shape `OT1/ptm/bx/it' in size <7.02625> not available
(Font)              Font shape `OT1/ptm/b/it' tried instead on input line 1091.
LaTeX Font Info:    Font shape `OT1/ptm/bx/n' in size <8.03> not available
(Font)              Font shape `OT1/ptm/b/n' tried instead on input line 1091.
LaTeX Font Info:    Font shape `OT1/ptm/bx/it' in size <8.03> not available
(Font)              Font shape `OT1/ptm/b/it' tried instead on input line 1091.
LaTeX Font Info:    Font shape `OT1/ptm/bx/n' in size <9.03374> not available
(Font)              Font shape `OT1/ptm/b/n' tried instead on input line 1091.
LaTeX Font Info:    Font shape `OT1/ptm/bx/it' in size <9.03374> not available
(Font)              Font shape `OT1/ptm/b/it' tried instead on input line 1091.
LaTeX Font Info:    Font shape `OT1/ptm/bx/n' in size <10.03749> not available
(Font)              Font shape `OT1/ptm/b/n' tried instead on input line 1091.
LaTeX Font Info:    Font shape `OT1/ptm/bx/it' in size <10.03749> not available
(Font)              Font shape `OT1/ptm/b/it' tried instead on input line 1091.
LaTeX Font Info:    Font shape `OT1/ptm/bx/n' in size <11.04124> not available
(Font)              Font shape `OT1/ptm/b/n' tried instead on input line 1091.
LaTeX Font Info:    Font shape `OT1/ptm/bx/it' in size <11.04124> not available
(Font)              Font shape `OT1/ptm/b/it' tried instead on input line 1091.
LaTeX Font Info:    Font shape `OT1/ptm/bx/n' in size <12.045> not available
(Font)              Font shape `OT1/ptm/b/n' tried instead on input line 1091.
LaTeX Font Info:    Font shape `OT1/ptm/bx/it' in size <12.045> not available
(Font)              Font shape `OT1/ptm/b/it' tried instead on input line 1091.
LaTeX Font Info:    Font shape `OT1/ptm/bx/n' in size <17.06374> not available
(Font)              Font shape `OT1/ptm/b/n' tried instead on input line 1091.
LaTeX Font Info:    Font shape `OT1/ptm/bx/it' in size <17.06374> not available
(Font)              Font shape `OT1/ptm/b/it' tried instead on input line 1091.
LaTeX Font Info:    Font shape `OT1/ptm/bx/n' in size <20.075> not available
(Font)              Font shape `OT1/ptm/b/n' tried instead on input line 1091.
LaTeX Font Info:    Font shape `OT1/ptm/bx/it' in size <20.075> not available
(Font)              Font shape `OT1/ptm/b/it' tried instead on input line 1091.
LaTeX Font Info:    Font shape `OT1/ptm/bx/n' in size <24.09> not available
(Font)              Font shape `OT1/ptm/b/n' tried instead on input line 1091.
LaTeX Font Info:    Font shape `OT1/ptm/bx/it' in size <24.09> not available
(Font)              Font shape `OT1/ptm/b/it' tried instead on input line 1091.
\IEEEquantizedlength=\dimen147
\IEEEquantizedlengthdiff=\dimen148
\IEEEquantizedtextheightdiff=\dimen149
\IEEEilabelindentA=\dimen150
\IEEEilabelindentB=\dimen151
\IEEEilabelindent=\dimen152
\IEEEelabelindent=\dimen153
\IEEEdlabelindent=\dimen154
\IEEElabelindent=\dimen155
\IEEEiednormlabelsep=\dimen156
\IEEEiedmathlabelsep=\dimen157
\IEEEiedtopsep=\skip48
\c@section=\count188
\c@subsection=\count189
\c@subsubsection=\count190
\c@paragraph=\count191
\c@IEEEsubequation=\count192
\abovecaptionskip=\skip49
\belowcaptionskip=\skip50
\c@figure=\count193
\c@table=\count194
\@IEEEeqnnumcols=\count195
\@IEEEeqncolcnt=\count196
\@IEEEsubeqnnumrollback=\count197
\@IEEEquantizeheightA=\dimen158
\@IEEEquantizeheightB=\dimen159
\@IEEEquantizeheightC=\dimen160
\@IEEEquantizeprevdepth=\dimen161
\@IEEEquantizemultiple=\count198
\@IEEEquantizeboxA=\box51
\@IEEEtmpitemindent=\dimen162
\IEEEPARstartletwidth=\dimen163
\c@IEEEbiography=\count199
\@IEEEtranrubishbin=\box52
) (c:/texlive/2023/texmf-dist/tex/latex/cite/cite.sty
LaTeX Info: Redefining \cite on input line 302.
LaTeX Info: Redefining \nocite on input line 332.
Package: cite 2015/02/27  v 5.5
) (c:/texlive/2023/texmf-dist/tex/latex/amsmath/amsmath.sty
Package: amsmath 2022/04/08 v2.17n AMS math features
\@mathmargin=\skip51

For additional information on amsmath, use the `?' option.
(c:/texlive/2023/texmf-dist/tex/latex/amsmath/amstext.sty
Package: amstext 2021/08/26 v2.01 AMS text
 (c:/texlive/2023/texmf-dist/tex/latex/amsmath/amsgen.sty
File: amsgen.sty 1999/11/30 v2.0 generic functions
\@emptytoks=\toks17
\ex@=\dimen164
)) (c:/texlive/2023/texmf-dist/tex/latex/amsmath/amsbsy.sty
Package: amsbsy 1999/11/29 v1.2d Bold Symbols
\pmbraise@=\dimen165
) (c:/texlive/2023/texmf-dist/tex/latex/amsmath/amsopn.sty
Package: amsopn 2022/04/08 v2.04 operator names
)
\inf@bad=\count266
LaTeX Info: Redefining \frac on input line 234.
\uproot@=\count267
\leftroot@=\count268
LaTeX Info: Redefining \overline on input line 399.
LaTeX Info: Redefining \colon on input line 410.
\classnum@=\count269
\DOTSCASE@=\count270
LaTeX Info: Redefining \ldots on input line 496.
LaTeX Info: Redefining \dots on input line 499.
LaTeX Info: Redefining \cdots on input line 620.
\Mathstrutbox@=\box53
\strutbox@=\box54
LaTeX Info: Redefining \big on input line 722.
LaTeX Info: Redefining \Big on input line 723.
LaTeX Info: Redefining \bigg on input line 724.
LaTeX Info: Redefining \Bigg on input line 725.
\big@size=\dimen166
LaTeX Font Info:    Redeclaring font encoding OML on input line 743.
LaTeX Font Info:    Redeclaring font encoding OMS on input line 744.
\macc@depth=\count271
LaTeX Info: Redefining \bmod on input line 905.
LaTeX Info: Redefining \pmod on input line 910.
LaTeX Info: Redefining \smash on input line 940.
LaTeX Info: Redefining \relbar on input line 970.
LaTeX Info: Redefining \Relbar on input line 971.
\c@MaxMatrixCols=\count272
\dotsspace@=\muskip16
\c@parentequation=\count273
\dspbrk@lvl=\count274
\tag@help=\toks18
\row@=\count275
\column@=\count276
\maxfields@=\count277
\andhelp@=\toks19
\eqnshift@=\dimen167
\alignsep@=\dimen168
\tagshift@=\dimen169
\tagwidth@=\dimen170
\totwidth@=\dimen171
\lineht@=\dimen172
\@envbody=\toks20
\multlinegap=\skip52
\multlinetaggap=\skip53
\mathdisplay@stack=\toks21
LaTeX Info: Redefining \[ on input line 2953.
LaTeX Info: Redefining \] on input line 2954.
) (c:/texlive/2023/texmf-dist/tex/latex/amsfonts/amssymb.sty
Package: amssymb 2013/01/14 v3.01 AMS font symbols
 (c:/texlive/2023/texmf-dist/tex/latex/amsfonts/amsfonts.sty
Package: amsfonts 2013/01/14 v3.01 Basic AMSFonts support
\symAMSa=\mathgroup4
\symAMSb=\mathgroup5
LaTeX Font Info:    Redeclaring math symbol \hbar on input line 98.
LaTeX Font Info:    Overwriting math alphabet `\mathfrak' in version `bold'
(Font)                  U/euf/m/n --> U/euf/b/n on input line 106.
)) (c:/texlive/2023/texmf-dist/tex/latex/algorithms/algorithmic.sty
Package: algorithmic 2009/08/24 v0.1 Document Style `algorithmic'
 (c:/texlive/2023/texmf-dist/tex/latex/base/ifthen.sty
Package: ifthen 2022/04/13 v1.1d Standard LaTeX ifthen package (DPC)
) (c:/texlive/2023/texmf-dist/tex/latex/graphics/keyval.sty
Package: keyval 2022/05/29 v1.15 key=value parser (DPC)
\KV@toks@=\toks22
)
\c@ALC@unique=\count278
\c@ALC@line=\count279
\c@ALC@rem=\count280
\c@ALC@depth=\count281
\ALC@tlm=\skip54
\algorithmicindent=\skip55
) (c:/texlive/2023/texmf-dist/tex/latex/graphics/graphicx.sty
Package: graphicx 2021/09/16 v1.2d Enhanced LaTeX Graphics (DPC,SPQR)
 (c:/texlive/2023/texmf-dist/tex/latex/graphics/graphics.sty
Package: graphics 2022/03/10 v1.4e Standard LaTeX Graphics (DPC,SPQR)
 (c:/texlive/2023/texmf-dist/tex/latex/graphics/trig.sty
Package: trig 2021/08/11 v1.11 sin cos tan (DPC)
) (c:/texlive/2023/texmf-dist/tex/latex/graphics-cfg/graphics.cfg
File: graphics.cfg 2016/06/04 v1.11 sample graphics configuration
)
Package graphics Info: Driver file: dvipdfmx.def on input line 107.
 (c:/texlive/2023/texmf-dist/tex/latex/graphics-def/dvipdfmx.def
File: dvipdfmx.def 2022/09/22 v5.0m Graphics/color driver for dvipdfmx
))
\Gin@req@height=\dimen173
\Gin@req@width=\dimen174
) (c:/texlive/2023/texmf-dist/tex/latex/xcolor/xcolor.sty
Package: xcolor 2022/06/12 v2.14 LaTeX color extensions (UK)
 (c:/texlive/2023/texmf-dist/tex/latex/graphics-cfg/color.cfg
File: color.cfg 2016/01/02 v1.6 sample color configuration
)
Package xcolor Info: Driver file: pdftex.def on input line 227.
 (c:/texlive/2023/texmf-dist/tex/latex/graphics-def/pdftex.def
File: pdftex.def 2022/09/22 v1.2b Graphics/color driver for pdftex
) (c:/texlive/2023/texmf-dist/tex/latex/graphics/mathcolor.ltx)
Package xcolor Info: Model `cmy' substituted by `cmy0' on input line 1353.
Package xcolor Info: Model `RGB' extended on input line 1369.
Package xcolor Info: Model `HTML' substituted by `rgb' on input line 1371.
Package xcolor Info: Model `Hsb' substituted by `hsb' on input line 1372.
Package xcolor Info: Model `tHsb' substituted by `hsb' on input line 1373.
Package xcolor Info: Model `HSB' substituted by `hsb' on input line 1374.
Package xcolor Info: Model `Gray' substituted by `gray' on input line 1375.
Package xcolor Info: Model `wave' substituted by `hsb' on input line 1376.
 (c:/texlive/2023/texmf-dist/tex/latex/graphics/dvipsnam.def
File: dvipsnam.def 2016/06/17 v3.0m Driver-dependent file (DPC,SPQR)
)) (c:/texlive/2023/texmf-dist/tex/latex/microtype/microtype.sty
Package: microtype 2023/03/13 v3.1a Micro-typographical refinements (RS)
 (c:/texlive/2023/texmf-dist/tex/latex/etoolbox/etoolbox.sty
Package: etoolbox 2020/10/05 v2.5k e-TeX tools for LaTeX (JAW)
\etb@tempcnta=\count282
)
\MT@toks=\toks23
\MT@tempbox=\box55
\MT@count=\count283
LaTeX Info: Redefining \noprotrusionifhmode on input line 1059.
LaTeX Info: Redefining \leftprotrusion on input line 1060.
\MT@prot@toks=\toks24
LaTeX Info: Redefining \rightprotrusion on input line 1078.
LaTeX Info: Redefining \textls on input line 1368.
\MT@outer@kern=\dimen175
LaTeX Info: Redefining \textmicrotypecontext on input line 1988.
\MT@listname@count=\count284
 (c:/texlive/2023/texmf-dist/tex/latex/microtype/microtype-pdftex.def
File: microtype-pdftex.def 2023/03/13 v3.1a Definitions specific to pdftex (RS)
LaTeX Info: Redefining \lsstyle on input line 902.
LaTeX Info: Redefining \lslig on input line 902.
\MT@outer@space=\skip56
)
Package microtype Info: Loading configuration file microtype.cfg.
 (c:/texlive/2023/texmf-dist/tex/latex/microtype/microtype.cfg
File: microtype.cfg 2023/03/13 v3.1a microtype main configuration file (RS)
)) (c:/texlive/2023/texmf-dist/tex/latex/mathastext/mathastext.sty
Package: mathastext 2022/11/04 v1.3y Use the text font in math mode (JFB)
\mst@exists@muskip=\muskip17
\mst@forall@muskip=\muskip18
\mst@prime@muskip=\muskip19
\mst@do@nonletters=\toks25
\mst@do@easynonletters=\toks26
\mst@do@az=\toks27
\mst@do@AZ=\toks28
\symmtoperatorfont=\mathgroup6
\symmtletterfont=\mathgroup7

** ! and ?
** punctuation: , . : ; and \colon
LaTeX Info: Redefining \rightarrowfill on input line 847.
LaTeX Info: Redefining \leftarrowfill on input line 852.
** + and =
** adding = ; and + to \nfss@catcodes
** parentheses ( ) [ ] and slash /
** \# \mathdollar \% \& 
** \imath and \jmath 
LaTeX Font Info:    Overwriting math alphabet `\mathnormalbold' in version `normal'
(Font)                  OT1/ptm/b/it --> OT1/ptm/b/it on input line 2370.
LaTeX Font Info:    Overwriting math alphabet `\mathnormalbold' in version `bold'
(Font)                  OT1/ptm/b/it --> OT1/ptm/b/it on input line 2370.
LaTeX Font Info:    Overwriting symbol font `mtletterfont' in version `normal'
(Font)                  OT1/ptm/m/it --> OT1/ptm/m/it on input line 2370.
LaTeX Font Info:    Overwriting symbol font `mtletterfont' in version `bold'
(Font)                  OT1/ptm/m/it --> OT1/ptm/b/it on input line 2370.
LaTeX Font Info:    Overwriting symbol font `mtoperatorfont' in version `normal'
(Font)                  OT1/ptm/m/n --> OT1/ptm/m/n on input line 2370.
LaTeX Font Info:    Overwriting symbol font `mtoperatorfont' in version `bold'
(Font)                  OT1/ptm/m/n --> OT1/ptm/b/n on input line 2370.
LaTeX Font Info:    Overwriting math alphabet `\Mathbf' in version `normal'
(Font)                  OT1/ptm/b/n --> OT1/ptm/b/n on input line 2370.
LaTeX Font Info:    Overwriting math alphabet `\Mathbf' in version `bold'
(Font)                  OT1/ptm/b/n --> OT1/ptm/b/n on input line 2370.
LaTeX Font Info:    Overwriting math alphabet `\Mathit' in version `normal'
(Font)                  OT1/ptm/m/it --> OT1/ptm/m/it on input line 2370.
LaTeX Font Info:    Overwriting math alphabet `\Mathit' in version `bold'
(Font)                  OT1/ptm/m/it --> OT1/ptm/b/it on input line 2370.
LaTeX Font Info:    Overwriting math alphabet `\Mathsf' in version `normal'
(Font)                  OT1/phv/m/n --> OT1/phv/m/n on input line 2370.
LaTeX Font Info:    Overwriting math alphabet `\Mathsf' in version `bold'
(Font)                  OT1/phv/m/n --> OT1/phv/b/n on input line 2370.
LaTeX Font Info:    Overwriting math alphabet `\Mathtt' in version `normal'
(Font)                  OT1/pcr/m/n --> OT1/pcr/m/n on input line 2370.
LaTeX Font Info:    Overwriting math alphabet `\Mathtt' in version `bold'
(Font)                  OT1/pcr/m/n --> OT1/pcr/b/n on input line 2370.
** Latin letters in the `normal' (resp. `bold') math versions are now
** set up to use the fonts OT1/ptm/m(b)/it
** Other characters (digits, ...) and \log-like names will be
** typeset with the n shape.
** \hbar
** minus as endash
** \HUGE has been (re)-defined.
** mathastext has declared larger sizes for subscripts.
** To keep LaTeX defaults, use option `defaultmathsizes'.
) (c:/texlive/2023/texmf-dist/tex/latex/libertine/libertine.sty
Package: libertine 2022/09/12 (Bob Tennent) Supports Libertine and Biolinum fonts for all LaTeX engines.
 (c:/texlive/2023/texmf-dist/tex/generic/iftex/ifxetex.sty
Package: ifxetex 2019/10/25 v0.7 ifxetex legacy package. Use iftex instead.
 (c:/texlive/2023/texmf-dist/tex/generic/iftex/iftex.sty
Package: iftex 2022/02/03 v1.0f TeX engine tests
)) (c:/texlive/2023/texmf-dist/tex/generic/iftex/ifluatex.sty
Package: ifluatex 2019/10/25 v1.5 ifluatex legacy package. Use iftex instead.
) (c:/texlive/2023/texmf-dist/tex/latex/xkeyval/xkeyval.sty
Package: xkeyval 2022/06/16 v2.9 package option processing (HA)
 (c:/texlive/2023/texmf-dist/tex/generic/xkeyval/xkeyval.tex (c:/texlive/2023/texmf-dist/tex/generic/xkeyval/xkvutils.tex
\XKV@toks=\toks29
\XKV@tempa@toks=\toks30
)
\XKV@depth=\count285
File: xkeyval.tex 2014/12/03 v2.7a key=value parser (HA)
)) (c:/texlive/2023/texmf-dist/tex/latex/base/textcomp.sty
Package: textcomp 2020/02/02 v2.0n Standard LaTeX package
) (c:/texlive/2023/texmf-dist/tex/latex/base/fontenc.sty
Package: fontenc 2021/04/29 v2.0v Standard LaTeX package
) (c:/texlive/2023/texmf-dist/tex/latex/fontaxes/fontaxes.sty
Package: fontaxes 2020/07/21 v1.0e Font selection axes
LaTeX Info: Redefining \upshape on input line 29.
LaTeX Info: Redefining \itshape on input line 31.
LaTeX Info: Redefining \slshape on input line 33.
LaTeX Info: Redefining \swshape on input line 35.
LaTeX Info: Redefining \scshape on input line 37.
LaTeX Info: Redefining \sscshape on input line 39.
LaTeX Info: Redefining \ulcshape on input line 41.
LaTeX Info: Redefining \textsw on input line 47.
LaTeX Info: Redefining \textssc on input line 48.
LaTeX Info: Redefining \textulc on input line 49.
)
LaTeX Info: Redefining \oldstylenums on input line 483.
 (c:/texlive/2023/texmf-dist/tex/latex/libertine/LinLibertine_I.tex)) (c:/texlive/2023/texmf-dist/tex/latex/base/fontenc.sty
Package: fontenc 2021/04/29 v2.0v Standard LaTeX package
LaTeX Font Info:    Trying to load font information for T1+LinuxLibertineT-TLF on input line 112.
 (c:/texlive/2023/texmf-dist/tex/latex/libertine/T1LinuxLibertineT-TLF.fd
File: T1LinuxLibertineT-TLF.fd 2017/03/20 (autoinst) Font definitions for T1/LinuxLibertineT-TLF.
)
LaTeX Font Info:    Font shape `T1/LinuxLibertineT-TLF/m/n' will be
(Font)              scaled to size 10.03749pt on input line 112.
) (c:/texlive/2023/texmf-dist/tex/latex/inconsolata/zi4.sty
Package: zi4 2019/05/17 v1.12
 `inconsolata-zi4' v1.12, 2019/05/17 Text macros for Inconsolata (msharpe)
\zifour@ocount=\count286
) (./nowidow.sty
Package: nowidow 2011/09/20 1.0 Easily prevent widows and orphans
Package: nowidow 
 (c:/texlive/2023/texmf-dist/tex/latex/kvoptions/kvoptions.sty
Package: kvoptions 2022-06-15 v3.15 Key value format for package options (HO)
 (c:/texlive/2023/texmf-dist/tex/generic/ltxcmds/ltxcmds.sty
Package: ltxcmds 2020-05-10 v1.25 LaTeX kernel commands for general use (HO)
) (c:/texlive/2023/texmf-dist/tex/latex/kvsetkeys/kvsetkeys.sty
Package: kvsetkeys 2022-10-05 v1.19 Key value parser (HO)
))) (c:/texlive/2023/texmf-dist/tex/latex/preprint/authblk.sty
Package: authblk 2001/02/27 1.3 (PWD)
\affilsep=\skip57
\@affilsep=\skip58
\c@Maxaffil=\count287
\c@authors=\count288
\c@affil=\count289
) (./flushend.sty
Package: flushend 2020/10/16 v3.5 Balancing columns in twocolumn mode
\flushend@@lastskip@a=\skip59
\flushend@@lastskip@b=\skip60
\flushend@@lastskip@c=\skip61
\flushend@@penalty@a=\count290
\var@@loop@iter=\count291
\flushend@@lastkern@a=\dimen176
\var@@temp@spread=\dimen177
\var@@temp@a=\dimen178
\var@@temp@loop=\dimen179
\flushend@@page@rule=\dimen180
\flushend@@varbox@a=\box56
\flushend@@varbox@c=\box57
\flushend@@tempbox@a=\box58
\flushend@@tempbox@c=\box59
\@viper=\box60
\hold@viper=\box61
\atColsBreak=\toks31
\atColsEnd=\toks32
) (c:/texlive/2023/texmf-dist/tex/latex/l3backend/l3backend-pdftex.def
File: l3backend-pdftex.def 2023-03-30 L3 backend support: PDF output (pdfTeX)
\l__color_backend_stack_int=\count292
\l__pdf_internal_box=\box62
) (./iiswc22example.aux)
\openout1 = `iiswc22example.aux'.

LaTeX Font Info:    Checking defaults for OML/cmm/m/it on input line 25.
LaTeX Font Info:    ... okay on input line 25.
LaTeX Font Info:    Checking defaults for OMS/cmsy/m/n on input line 25.
LaTeX Font Info:    ... okay on input line 25.
LaTeX Font Info:    Checking defaults for OT1/cmr/m/n on input line 25.
LaTeX Font Info:    ... okay on input line 25.
LaTeX Font Info:    Checking defaults for T1/cmr/m/n on input line 25.
LaTeX Font Info:    ... okay on input line 25.
LaTeX Font Info:    Checking defaults for TS1/cmr/m/n on input line 25.
LaTeX Font Info:    ... okay on input line 25.
LaTeX Font Info:    Checking defaults for OMX/cmex/m/n on input line 25.
LaTeX Font Info:    ... okay on input line 25.
LaTeX Font Info:    Checking defaults for U/cmr/m/n on input line 25.
LaTeX Font Info:    ... okay on input line 25.
LaTeX Font Info:    Font shape `T1/LinuxLibertineT-TLF/m/n' will be
(Font)              scaled to size 5.01874pt on input line 25.
LaTeX Font Info:    Font shape `T1/LinuxLibertineT-TLF/b/n' will be
(Font)              scaled to size 5.01874pt on input line 25.
LaTeX Font Info:    Font shape `T1/LinuxLibertineT-TLF/m/it' will be
(Font)              scaled to size 5.01874pt on input line 25.
LaTeX Font Info:    Font shape `T1/LinuxLibertineT-TLF/b/it' will be
(Font)              scaled to size 5.01874pt on input line 25.
LaTeX Font Info:    Font shape `T1/LinuxLibertineT-TLF/m/n' will be
(Font)              scaled to size 7.02625pt on input line 25.
LaTeX Font Info:    Font shape `T1/LinuxLibertineT-TLF/b/n' will be
(Font)              scaled to size 7.02625pt on input line 25.
LaTeX Font Info:    Font shape `T1/LinuxLibertineT-TLF/m/it' will be
(Font)              scaled to size 7.02625pt on input line 25.
LaTeX Font Info:    Font shape `T1/LinuxLibertineT-TLF/b/it' will be
(Font)              scaled to size 7.02625pt on input line 25.
LaTeX Font Info:    Font shape `T1/LinuxLibertineT-TLF/m/n' will be
(Font)              scaled to size 8.03pt on input line 25.
LaTeX Font Info:    Font shape `T1/LinuxLibertineT-TLF/b/n' will be
(Font)              scaled to size 8.03pt on input line 25.
LaTeX Font Info:    Font shape `T1/LinuxLibertineT-TLF/m/it' will be
(Font)              scaled to size 8.03pt on input line 25.
LaTeX Font Info:    Font shape `T1/LinuxLibertineT-TLF/b/it' will be
(Font)              scaled to size 8.03pt on input line 25.
LaTeX Font Info:    Font shape `T1/LinuxLibertineT-TLF/m/n' will be
(Font)              scaled to size 9.03374pt on input line 25.
LaTeX Font Info:    Font shape `T1/LinuxLibertineT-TLF/b/n' will be
(Font)              scaled to size 9.03374pt on input line 25.
LaTeX Font Info:    Font shape `T1/LinuxLibertineT-TLF/m/it' will be
(Font)              scaled to size 9.03374pt on input line 25.
LaTeX Font Info:    Font shape `T1/LinuxLibertineT-TLF/b/it' will be
(Font)              scaled to size 9.03374pt on input line 25.
LaTeX Font Info:    Font shape `T1/LinuxLibertineT-TLF/b/n' will be
(Font)              scaled to size 10.03749pt on input line 25.
LaTeX Font Info:    Font shape `T1/LinuxLibertineT-TLF/m/it' will be
(Font)              scaled to size 10.03749pt on input line 25.
LaTeX Font Info:    Font shape `T1/LinuxLibertineT-TLF/b/it' will be
(Font)              scaled to size 10.03749pt on input line 25.
LaTeX Font Info:    Font shape `T1/LinuxLibertineT-TLF/m/n' will be
(Font)              scaled to size 11.04124pt on input line 25.
LaTeX Font Info:    Font shape `T1/LinuxLibertineT-TLF/b/n' will be
(Font)              scaled to size 11.04124pt on input line 25.
LaTeX Font Info:    Font shape `T1/LinuxLibertineT-TLF/m/it' will be
(Font)              scaled to size 11.04124pt on input line 25.
LaTeX Font Info:    Font shape `T1/LinuxLibertineT-TLF/b/it' will be
(Font)              scaled to size 11.04124pt on input line 25.
LaTeX Font Info:    Font shape `T1/LinuxLibertineT-TLF/m/n' will be
(Font)              scaled to size 12.045pt on input line 25.
LaTeX Font Info:    Font shape `T1/LinuxLibertineT-TLF/b/n' will be
(Font)              scaled to size 12.045pt on input line 25.
LaTeX Font Info:    Font shape `T1/LinuxLibertineT-TLF/m/it' will be
(Font)              scaled to size 12.045pt on input line 25.
LaTeX Font Info:    Font shape `T1/LinuxLibertineT-TLF/b/it' will be
(Font)              scaled to size 12.045pt on input line 25.
LaTeX Font Info:    Font shape `T1/LinuxLibertineT-TLF/m/n' will be
(Font)              scaled to size 17.06374pt on input line 25.
LaTeX Font Info:    Font shape `T1/LinuxLibertineT-TLF/b/n' will be
(Font)              scaled to size 17.06374pt on input line 25.
LaTeX Font Info:    Font shape `T1/LinuxLibertineT-TLF/m/it' will be
(Font)              scaled to size 17.06374pt on input line 25.
LaTeX Font Info:    Font shape `T1/LinuxLibertineT-TLF/b/it' will be
(Font)              scaled to size 17.06374pt on input line 25.
LaTeX Font Info:    Font shape `T1/LinuxLibertineT-TLF/m/n' will be
(Font)              scaled to size 20.075pt on input line 25.
LaTeX Font Info:    Font shape `T1/LinuxLibertineT-TLF/b/n' will be
(Font)              scaled to size 20.075pt on input line 25.
LaTeX Font Info:    Font shape `T1/LinuxLibertineT-TLF/m/it' will be
(Font)              scaled to size 20.075pt on input line 25.
LaTeX Font Info:    Font shape `T1/LinuxLibertineT-TLF/b/it' will be
(Font)              scaled to size 20.075pt on input line 25.
LaTeX Font Info:    Font shape `T1/LinuxLibertineT-TLF/m/n' will be
(Font)              scaled to size 24.09pt on input line 25.
LaTeX Font Info:    Font shape `T1/LinuxLibertineT-TLF/b/n' will be
(Font)              scaled to size 24.09pt on input line 25.
LaTeX Font Info:    Font shape `T1/LinuxLibertineT-TLF/m/it' will be
(Font)              scaled to size 24.09pt on input line 25.
LaTeX Font Info:    Font shape `T1/LinuxLibertineT-TLF/b/it' will be
(Font)              scaled to size 24.09pt on input line 25.

-- Lines per column: 58 (exact).
(c:/texlive/2023/texmf-dist/tex/context/base/mkii/supp-pdf.mkii
[Loading MPS to PDF converter (version 2006.09.02).]
\scratchcounter=\count293
\scratchdimen=\dimen181
\scratchbox=\box63
\nofMPsegments=\count294
\nofMParguments=\count295
\everyMPshowfont=\toks33
\MPscratchCnt=\count296
\MPscratchDim=\dimen182
\MPnumerator=\count297
\makeMPintoPDFobject=\count298
\everyMPtoPDFconversion=\toks34
) (c:/texlive/2023/texmf-dist/tex/latex/epstopdf-pkg/epstopdf-base.sty
Package: epstopdf-base 2020-01-24 v2.11 Base part for package epstopdf
 (c:/texlive/2023/texmf-dist/tex/generic/infwarerr/infwarerr.sty
Package: infwarerr 2019/12/03 v1.5 Providing info/warning/error messages (HO)
) (c:/texlive/2023/texmf-dist/tex/latex/grfext/grfext.sty
Package: grfext 2019/12/03 v1.3 Manage graphics extensions (HO)
 (c:/texlive/2023/texmf-dist/tex/generic/kvdefinekeys/kvdefinekeys.sty
Package: kvdefinekeys 2019-12-19 v1.6 Define keys (HO)
)) (c:/texlive/2023/texmf-dist/tex/generic/pdftexcmds/pdftexcmds.sty
Package: pdftexcmds 2020-06-27 v0.33 Utility functions of pdfTeX for LuaTeX (HO)
Package pdftexcmds Info: \pdf@primitive is available.
Package pdftexcmds Info: \pdf@ifprimitive is available.
Package pdftexcmds Info: \pdfdraftmode found.
)
Package epstopdf-base Info: Redefining graphics rule for `.eps' on input line 485.
Package grfext Info: Graphics extension search list:
(grfext)             [.pdf,.png,.jpg,.mps,.jpeg,.jbig2,.jb2,.PDF,.PNG,.JPG,.JPEG,.JBIG2,.JB2,.eps]
(grfext)             \AppendGraphicsExtensions on input line 504.
 (c:/texlive/2023/texmf-dist/tex/latex/latexconfig/epstopdf-sys.cfg
File: epstopdf-sys.cfg 2010/07/13 v1.3 Configuration of (r)epstopdf for TeX Live
))
LaTeX Info: Redefining \microtypecontext on input line 25.
Package microtype Info: Applying patch `item' on input line 25.
Package microtype Info: Applying patch `toc' on input line 25.
Package microtype Info: Applying patch `eqnum' on input line 25.
Package microtype Info: Applying patch `footnote' on input line 25.
Package microtype Info: Applying patch `verbatim' on input line 25.
Package microtype Info: Generating PDF output.
Package microtype Info: Character protrusion enabled (level 2).
Package microtype Info: Using default protrusion set `alltext'.
Package microtype Info: Automatic font expansion enabled (level 2),
(microtype)             stretch: 20, shrink: 20, step: 1, non-selected.
Package microtype Info: Using default expansion set `alltext-nott'.
LaTeX Info: Redefining \showhyphens on input line 25.
Package microtype Info: No adjustment of tracking.
Package microtype Info: No adjustment of interword spacing.
Package microtype Info: No adjustment of character kerning.
Package microtype Info: Loading generic protrusion settings for font family
(microtype)             `LinuxLibertineT-TLF' (encoding: T1).
(microtype)             For optimal results, create family-specific settings.
(microtype)             See the microtype manual for details.
Package mathastext Info: current meaning of amsmath \resetMathstrut@ saved on input line 25.
\c@mv@tabular=\count299
\c@mv@boldtabular=\count300
 (c:/texlive/2023/texmf-dist/tex/latex/upquote/upquote.sty
Package: upquote 2012/04/19 v1.3 upright-quote and grave-accent glyphs in verbatim
)
LaTeX Font Info:    Trying to load font information for T1+LinuxBiolinumT-TLF on input line 59.
 (c:/texlive/2023/texmf-dist/tex/latex/libertine/T1LinuxBiolinumT-TLF.fd
File: T1LinuxBiolinumT-TLF.fd 2017/03/20 (autoinst) Font definitions for T1/LinuxBiolinumT-TLF.
)
LaTeX Font Info:    Font shape `T1/LinuxBiolinumT-TLF/m/n' will be
(Font)              scaled to size 24.09pt on input line 59.
Package microtype Info: Loading generic protrusion settings for font family
(microtype)             `LinuxBiolinumT-TLF' (encoding: T1).
(microtype)             For optimal results, create family-specific settings.
(microtype)             See the microtype manual for details.
 [1
Non-PDF special ignored!
<special> papersize=614.295pt,794.96999pt
{c:/texlive/2023/texmf-var/fonts/map/pdftex/updmap/pdftex.map}{c:/texlive/2023/texmf-dist/fonts/enc/dvips/libertine/lbtn_nh77jq.enc}{c:/texlive/2023/texmf-dist/fonts/enc/dvips/libertine/lbtn_76gpa5.enc}{c:/texlive/2023/texmf-dist/fonts/enc/dvips/libertine/lbtn_7grukw.enc}


]
LaTeX Font Info:    Calculating math sizes for size <10.03749> on input line 172.
 (c:/texlive/2023/texmf-dist/tex/latex/microtype/mt-cmr.cfg
File: mt-cmr.cfg 2013/05/19 v2.2 microtype config. file: Computer Modern Roman (RS)
)
LaTeX Font Info:    Trying to load font information for U+msa on input line 172.
 (c:/texlive/2023/texmf-dist/tex/latex/amsfonts/umsa.fd
File: umsa.fd 2013/01/14 v3.01 AMS symbols A
) (c:/texlive/2023/texmf-dist/tex/latex/microtype/mt-msa.cfg
File: mt-msa.cfg 2006/02/04 v1.1 microtype config. file: AMS symbols (a) (RS)
)
LaTeX Font Info:    Trying to load font information for U+msb on input line 172.
 (c:/texlive/2023/texmf-dist/tex/latex/amsfonts/umsb.fd
File: umsb.fd 2013/01/14 v3.01 AMS symbols B
) (c:/texlive/2023/texmf-dist/tex/latex/microtype/mt-msb.cfg
File: mt-msb.cfg 2005/06/01 v1.0 microtype config. file: AMS symbols (b) (RS)
) (c:/texlive/2023/texmf-dist/tex/latex/microtype/mt-ptm.cfg
File: mt-ptm.cfg 2006/04/20 v1.7 microtype config. file: Times (RS)
)
<figure/compare-hadoop-spark.png, id=9, 754.017pt x 259.2084pt>
File: figure/compare-hadoop-spark.png Graphic file (type png)
<use figure/compare-hadoop-spark.png>
Package pdftex.def Info: figure/compare-hadoop-spark.png  used on input line 189.
(pdftex.def)             Requested size: 226.20683pt x 77.7631pt.
<figure/dag.png, id=11, 707.7642pt x 249.5724pt>
File: figure/dag.png Graphic file (type png)
<use figure/dag.png>
Package pdftex.def Info: figure/dag.png  used on input line 205.
(pdftex.def)             Requested size: 212.33089pt x 74.87228pt.
 [2 <./figure/compare-hadoop-spark.png> <./figure/dag.png>]
<figure/dag_pr.png, id=18, 965.352pt x 548.376pt>
File: figure/dag_pr.png Graphic file (type png)
<use figure/dag_pr.png>
Package pdftex.def Info: figure/dag_pr.png  used on input line 225.
(pdftex.def)             Requested size: 241.3374pt x 137.09366pt.
<figure/spark-memory-management.png, id=19, 714.5094pt x 188.8656pt>
File: figure/spark-memory-management.png Graphic file (type png)
<use figure/spark-memory-management.png>
Package pdftex.def Info: figure/spark-memory-management.png  used on input line 237.
(pdftex.def)             Requested size: 178.6269pt x 47.21628pt.
 [3 <./figure/dag_pr.png> <./figure/spark-memory-management.png>] [4]
<figure/design.png, id=28, 926.151pt x 529.104pt>
File: figure/design.png Graphic file (type png)
<use figure/design.png>
Package pdftex.def Info: figure/design.png  used on input line 325.
(pdftex.def)             Requested size: 231.53719pt x 132.27567pt.
LaTeX Font Info:    Font shape `T1/LinuxLibertineT-TLF/b/sc' will be
(Font)              scaled to size 9.03374pt on input line 335.
LaTeX Font Info:    Calculating math sizes for size <8.03> on input line 338.
<figure/experiment_en/syuron/mb/exec_time.png, id=29, 361.8318pt x 223.0734pt>
File: figure/experiment_en/syuron/mb/exec_time.png Graphic file (type png)
<use figure/experiment_en/syuron/mb/exec_time.png>
Package pdftex.def Info: figure/experiment_en/syuron/mb/exec_time.png  used on input line 377.
(pdftex.def)             Requested size: 253.28053pt x 156.1503pt.

Overfull \hbox (131.3249pt too wide) in paragraph at lines 377--378
 [][] 
 []

<figure/experiment_en/syuron/mb/tlb_miss.png, id=30, 361.8318pt x 223.5552pt>
File: figure/experiment_en/syuron/mb/tlb_miss.png Graphic file (type png)
<use figure/experiment_en/syuron/mb/tlb_miss.png>
Package pdftex.def Info: figure/experiment_en/syuron/mb/tlb_miss.png  used on input line 381.
(pdftex.def)             Requested size: 253.28053pt x 156.48756pt.

Overfull \hbox (131.3249pt too wide) in paragraph at lines 381--382
 [][] 
 []

<figure/experiment_en/syuron/mb/memory_size.png, id=31, 516.9714pt x 289.08pt>
File: figure/experiment_en/syuron/mb/memory_size.png Graphic file (type png)
<use figure/experiment_en/syuron/mb/memory_size.png>
Package pdftex.def Info: figure/experiment_en/syuron/mb/memory_size.png  used on input line 387.
(pdftex.def)             Requested size: 258.48506pt x 144.53964pt.

Overfull \hbox (136.52943pt too wide) in paragraph at lines 387--388
 [][] 
 []

<figure/experiment_en/syuron/mb/hugepage_size.png, id=32, 461.5644pt x 251.9814pt>
File: figure/experiment_en/syuron/mb/hugepage_size.png Graphic file (type png)
<use figure/experiment_en/syuron/mb/hugepage_size.png>
Package pdftex.def Info: figure/experiment_en/syuron/mb/hugepage_size.png  used on input line 391.
(pdftex.def)             Requested size: 253.8612pt x 138.59018pt.

Overfull \hbox (131.90558pt too wide) in paragraph at lines 391--392
 [][] 
 []


Underfull \hbox (badness 10000) in paragraph at lines 375--393
[]$[]$
 []


Underfull \hbox (badness 10000) in paragraph at lines 375--393

 []


Underfull \hbox (badness 10000) in paragraph at lines 375--393
[]$
 []

<figure/experiment_en/syuron/pr/exec_time.png, id=33, 361.8318pt x 223.5552pt>
File: figure/experiment_en/syuron/pr/exec_time.png Graphic file (type png)
<use figure/experiment_en/syuron/pr/exec_time.png>
Package pdftex.def Info: figure/experiment_en/syuron/pr/exec_time.png  used on input line 413.
(pdftex.def)             Requested size: 253.28053pt x 156.48756pt.

Overfull \hbox (131.3249pt too wide) in paragraph at lines 413--414
 [][] 
 []

<figure/experiment_en/syuron/pr/tlb_miss.png, id=34, 361.8318pt x 224.037pt>
File: figure/experiment_en/syuron/pr/tlb_miss.png Graphic file (type png)
<use figure/experiment_en/syuron/pr/tlb_miss.png>
Package pdftex.def Info: figure/experiment_en/syuron/pr/tlb_miss.png  used on input line 417.
(pdftex.def)             Requested size: 253.28053pt x 156.82481pt.

Overfull \hbox (131.3249pt too wide) in paragraph at lines 417--418
 [][] 
 []

<figure/experiment_en/syuron/pr/memory_size.png, id=35, 517.4532pt x 291.489pt>
File: figure/experiment_en/syuron/pr/memory_size.png Graphic file (type png)
<use figure/experiment_en/syuron/pr/memory_size.png>
Package pdftex.def Info: figure/experiment_en/syuron/pr/memory_size.png  used on input line 423.
(pdftex.def)             Requested size: 258.72595pt x 145.74414pt.

Overfull \hbox (136.77032pt too wide) in paragraph at lines 423--424
 [][] 
 []

<figure/experiment_en/syuron/pr/hugepage_size.png, id=36, 461.5644pt x 251.9814pt>
File: figure/experiment_en/syuron/pr/hugepage_size.png Graphic file (type png)
<use figure/experiment_en/syuron/pr/hugepage_size.png>
Package pdftex.def Info: figure/experiment_en/syuron/pr/hugepage_size.png  used on input line 427.
(pdftex.def)             Requested size: 253.8612pt x 138.59018pt.

Overfull \hbox (131.90558pt too wide) in paragraph at lines 427--428
 [][] 
 []


Underfull \hbox (badness 10000) in paragraph at lines 411--429
[]$[]$
 []


Underfull \hbox (badness 10000) in paragraph at lines 411--429

 []


Underfull \hbox (badness 10000) in paragraph at lines 411--429
[]$\T1/LinuxLibertineT-TLF/m/n/10.03749 (+20) mb
 []

<figure/experiment_en/syuron/kmeans/exec_time.png, id=37, 362.3136pt x 215.3646pt>
File: figure/experiment_en/syuron/kmeans/exec_time.png Graphic file (type png)
<use figure/experiment_en/syuron/kmeans/exec_time.png>
Package pdftex.def Info: figure/experiment_en/syuron/kmeans/exec_time.png  used on input line 444.
(pdftex.def)             Requested size: 253.61778pt x 150.75418pt.

Overfull \hbox (131.66216pt too wide) in paragraph at lines 444--445
 [][] 
 []

<figure/experiment_en/syuron/kmeans/tlb_miss.png, id=38, 358.4592pt x 214.8828pt>
File: figure/experiment_en/syuron/kmeans/tlb_miss.png Graphic file (type png)
<use figure/experiment_en/syuron/kmeans/tlb_miss.png>
Package pdftex.def Info: figure/experiment_en/syuron/kmeans/tlb_miss.png  used on input line 448.
(pdftex.def)             Requested size: 250.91972pt x 150.41692pt.

Overfull \hbox (128.9641pt too wide) in paragraph at lines 448--449
 [][] 
 []

<figure/experiment_en/syuron/kmeans/memory_size.png, id=39, 516.0078pt x 297.2706pt>
File: figure/experiment_en/syuron/kmeans/memory_size.png Graphic file (type png)
<use figure/experiment_en/syuron/kmeans/memory_size.png>
Package pdftex.def Info: figure/experiment_en/syuron/kmeans/memory_size.png  used on input line 454.
(pdftex.def)             Requested size: 258.00327pt x 148.63493pt.

Overfull \hbox (136.04764pt too wide) in paragraph at lines 454--455
 [][] 
 []

<figure/experiment_en/syuron/kmeans/hugepage_size.png, id=40, 461.5644pt x 251.9814pt>
File: figure/experiment_en/syuron/kmeans/hugepage_size.png Graphic file (type png)
<use figure/experiment_en/syuron/kmeans/hugepage_size.png>
Package pdftex.def Info: figure/experiment_en/syuron/kmeans/hugepage_size.png  used on input line 458.
(pdftex.def)             Requested size: 253.8612pt x 138.59018pt.

Overfull \hbox (131.90558pt too wide) in paragraph at lines 458--459
 [][] 
 []


Underfull \hbox (badness 10000) in paragraph at lines 442--460
[]$[]$
 []


Underfull \hbox (badness 10000) in paragraph at lines 442--460

 []


Underfull \hbox (badness 10000) in paragraph at lines 442--460
[]$
 []

[5{c:/texlive/2023/texmf-dist/fonts/enc/dvips/libertine/lbtn_tlukpt.enc} <./figure/design.png>] [6 <./figure/experiment_en/syuron/mb/exec_time.png> <./figure/experiment_en/syuron/mb/tlb_miss.png> <./figure/experiment_en/syuron/mb/memory_size.png> <./figure/experiment_en/syuron/mb/hugepage_size.png> <./figure/experiment_en/syuron/pr/exec_time.png> <./figure/experiment_en/syuron/pr/tlb_miss.png> <./figure/experiment_en/syuron/pr/memory_size.png> <./figure/experiment_en/syuron/pr/hugepage_size.png>]
<figure/experiment_en/syuron/lr/exec_time.png, id=57, 361.8318pt x 215.3646pt>
File: figure/experiment_en/syuron/lr/exec_time.png Graphic file (type png)
<use figure/experiment_en/syuron/lr/exec_time.png>
Package pdftex.def Info: figure/experiment_en/syuron/lr/exec_time.png  used on input line 476.
(pdftex.def)             Requested size: 253.28053pt x 150.75418pt.

Overfull \hbox (131.3249pt too wide) in paragraph at lines 476--477
 [][] 
 []

<figure/experiment_en/syuron/lr/tlb_miss.png, id=58, 360.8682pt x 224.037pt>
File: figure/experiment_en/syuron/lr/tlb_miss.png Graphic file (type png)
<use figure/experiment_en/syuron/lr/tlb_miss.png>
Package pdftex.def Info: figure/experiment_en/syuron/lr/tlb_miss.png  used on input line 480.
(pdftex.def)             Requested size: 252.606pt x 156.82481pt.

Overfull \hbox (130.65038pt too wide) in paragraph at lines 480--481
 [][] 
 []

<figure/experiment_en/syuron/lr/memory_size.png, id=59, 516.0078pt x 297.2706pt>
File: figure/experiment_en/syuron/lr/memory_size.png Graphic file (type png)
<use figure/experiment_en/syuron/lr/memory_size.png>
Package pdftex.def Info: figure/experiment_en/syuron/lr/memory_size.png  used on input line 486.
(pdftex.def)             Requested size: 258.00327pt x 148.63493pt.

Overfull \hbox (136.04764pt too wide) in paragraph at lines 486--487
 [][] 
 []

<figure/experiment_en/syuron/lr/hugepage_size.png, id=60, 461.5644pt x 251.9814pt>
File: figure/experiment_en/syuron/lr/hugepage_size.png Graphic file (type png)
<use figure/experiment_en/syuron/lr/hugepage_size.png>
Package pdftex.def Info: figure/experiment_en/syuron/lr/hugepage_size.png  used on input line 490.
(pdftex.def)             Requested size: 253.8612pt x 138.59018pt.

Overfull \hbox (131.90558pt too wide) in paragraph at lines 490--491
 [][] 
 []


Underfull \hbox (badness 10000) in paragraph at lines 474--492
[]$[]$
 []


Underfull \hbox (badness 10000) in paragraph at lines 474--492

 []


Underfull \hbox (badness 10000) in paragraph at lines 474--492
[]$
 []

<figure/experiment_en/syuron/svd/exec_time.png, id=61, 361.8318pt x 223.5552pt>
File: figure/experiment_en/syuron/svd/exec_time.png Graphic file (type png)
<use figure/experiment_en/syuron/svd/exec_time.png>
Package pdftex.def Info: figure/experiment_en/syuron/svd/exec_time.png  used on input line 506.
(pdftex.def)             Requested size: 253.28053pt x 156.48756pt.

Overfull \hbox (131.3249pt too wide) in paragraph at lines 506--507
 [][] 
 []

<figure/experiment_en/syuron/svd/tlb_miss.png, id=62, 361.35pt x 224.037pt>
File: figure/experiment_en/syuron/svd/tlb_miss.png Graphic file (type png)
<use figure/experiment_en/syuron/svd/tlb_miss.png>
Package pdftex.def Info: figure/experiment_en/syuron/svd/tlb_miss.png  used on input line 510.
(pdftex.def)             Requested size: 252.94327pt x 156.82481pt.

Overfull \hbox (130.98764pt too wide) in paragraph at lines 510--511
 [][] 
 []

<figure/experiment_en/syuron/svd/memory_size.png, id=63, 515.526pt x 285.7074pt>
File: figure/experiment_en/syuron/svd/memory_size.png Graphic file (type png)
<use figure/experiment_en/syuron/svd/memory_size.png>
Package pdftex.def Info: figure/experiment_en/syuron/svd/memory_size.png  used on input line 516.
(pdftex.def)             Requested size: 257.76237pt x 142.85333pt.

Overfull \hbox (135.80675pt too wide) in paragraph at lines 516--517
 [][] 
 []

<figure/experiment_en/syuron/svd/hugepage_size.png, id=64, 461.5644pt x 251.9814pt>
File: figure/experiment_en/syuron/svd/hugepage_size.png Graphic file (type png)
<use figure/experiment_en/syuron/svd/hugepage_size.png>
Package pdftex.def Info: figure/experiment_en/syuron/svd/hugepage_size.png  used on input line 520.
(pdftex.def)             Requested size: 253.8612pt x 138.59018pt.

Overfull \hbox (131.90558pt too wide) in paragraph at lines 520--521
 [][] 
 []


Underfull \hbox (badness 10000) in paragraph at lines 504--522
[]$[]$
 []


Underfull \hbox (badness 10000) in paragraph at lines 504--522

 []


Underfull \hbox (badness 10000) in paragraph at lines 504--522
[]$
 []

<figure/experiment_en/syuron/lir/exec_time.png, id=65, 362.3136pt x 215.3646pt>
File: figure/experiment_en/syuron/lir/exec_time.png Graphic file (type png)
<use figure/experiment_en/syuron/lir/exec_time.png>
Package pdftex.def Info: figure/experiment_en/syuron/lir/exec_time.png  used on input line 536.
(pdftex.def)             Requested size: 253.61778pt x 150.75418pt.

Overfull \hbox (131.66216pt too wide) in paragraph at lines 536--537
 [][] 
 []

<figure/experiment_en/syuron/lir/tlb_miss.png, id=66, 361.35pt x 212.9556pt>
File: figure/experiment_en/syuron/lir/tlb_miss.png Graphic file (type png)
<use figure/experiment_en/syuron/lir/tlb_miss.png>
Package pdftex.def Info: figure/experiment_en/syuron/lir/tlb_miss.png  used on input line 540.
(pdftex.def)             Requested size: 252.94327pt x 149.06789pt.

Overfull \hbox (130.98764pt too wide) in paragraph at lines 540--541
 [][] 
 []

<figure/experiment_en/syuron/lir/memory_size.png, id=67, 561.7788pt x 327.624pt>
File: figure/experiment_en/syuron/lir/memory_size.png Graphic file (type png)
<use figure/experiment_en/syuron/lir/memory_size.png>
Package pdftex.def Info: figure/experiment_en/syuron/lir/memory_size.png  used on input line 546.
(pdftex.def)             Requested size: 252.79811pt x 147.42943pt.

Overfull \hbox (130.84248pt too wide) in paragraph at lines 546--547
 [][] 
 []

<figure/experiment_en/syuron/lir/hugepage_size.png, id=68, 461.5644pt x 251.9814pt>
File: figure/experiment_en/syuron/lir/hugepage_size.png Graphic file (type png)
<use figure/experiment_en/syuron/lir/hugepage_size.png>
Package pdftex.def Info: figure/experiment_en/syuron/lir/hugepage_size.png  used on input line 550.
(pdftex.def)             Requested size: 253.8612pt x 138.59018pt.

Overfull \hbox (131.90558pt too wide) in paragraph at lines 550--551
 [][] 
 []


Underfull \hbox (badness 10000) in paragraph at lines 534--552
[]$[]$
 []


Underfull \hbox (badness 10000) in paragraph at lines 534--552

 []


Underfull \hbox (badness 10000) in paragraph at lines 534--552
[]$
 []

[7 <./figure/experiment_en/syuron/kmeans/exec_time.png> <./figure/experiment_en/syuron/kmeans/tlb_miss.png> <./figure/experiment_en/syuron/kmeans/memory_size.png> <./figure/experiment_en/syuron/kmeans/hugepage_size.png>] [8 <./figure/experiment_en/syuron/lr/exec_time.png> <./figure/experiment_en/syuron/lr/tlb_miss.png> <./figure/experiment_en/syuron/lr/memory_size.png> <./figure/experiment_en/syuron/lr/hugepage_size.png> <./figure/experiment_en/syuron/svd/exec_time.png> <./figure/experiment_en/syuron/svd/tlb_miss.png> <./figure/experiment_en/syuron/svd/memory_size.png> <./figure/experiment_en/syuron/svd/hugepage_size.png>]
<figure/experiment_en/syuron/gmm/exec_time.png, id=88, 362.3136pt x 215.3646pt>
File: figure/experiment_en/syuron/gmm/exec_time.png Graphic file (type png)
<use figure/experiment_en/syuron/gmm/exec_time.png>
Package pdftex.def Info: figure/experiment_en/syuron/gmm/exec_time.png  used on input line 565.
(pdftex.def)             Requested size: 253.61778pt x 150.75418pt.

Overfull \hbox (131.66216pt too wide) in paragraph at lines 565--566
 [][] 
 []

<figure/experiment_en/syuron/gmm/tlb_miss.png, id=89, 362.3136pt x 215.3646pt>
File: figure/experiment_en/syuron/gmm/tlb_miss.png Graphic file (type png)
<use figure/experiment_en/syuron/gmm/tlb_miss.png>
Package pdftex.def Info: figure/experiment_en/syuron/gmm/tlb_miss.png  used on input line 569.
(pdftex.def)             Requested size: 253.61778pt x 150.75418pt.

Overfull \hbox (131.66216pt too wide) in paragraph at lines 569--570
 [][] 
 []

<figure/experiment_en/syuron/gmm/memory_size.png, id=90, 559.8516pt x 320.8788pt>
File: figure/experiment_en/syuron/gmm/memory_size.png Graphic file (type png)
<use figure/experiment_en/syuron/gmm/memory_size.png>
Package pdftex.def Info: figure/experiment_en/syuron/gmm/memory_size.png  used on input line 575.
(pdftex.def)             Requested size: 251.93088pt x 144.39412pt.

Overfull \hbox (129.97525pt too wide) in paragraph at lines 575--576
 [][] 
 []

<figure/experiment_en/syuron/gmm/hugepage_size.png, id=91, 461.5644pt x 251.9814pt>
File: figure/experiment_en/syuron/gmm/hugepage_size.png Graphic file (type png)
<use figure/experiment_en/syuron/gmm/hugepage_size.png>
Package pdftex.def Info: figure/experiment_en/syuron/gmm/hugepage_size.png  used on input line 579.
(pdftex.def)             Requested size: 253.8612pt x 138.59018pt.

Overfull \hbox (131.90558pt too wide) in paragraph at lines 579--580
 [][] 
 []


Underfull \hbox (badness 10000) in paragraph at lines 563--581
[]$[]$
 []


Underfull \hbox (badness 10000) in paragraph at lines 563--581

 []


Underfull \hbox (badness 10000) in paragraph at lines 563--581
[]$
 []

<figure/experiment_en/syuron/gbt/exec_time.png, id=92, 361.8318pt x 223.5552pt>
File: figure/experiment_en/syuron/gbt/exec_time.png Graphic file (type png)
<use figure/experiment_en/syuron/gbt/exec_time.png>
Package pdftex.def Info: figure/experiment_en/syuron/gbt/exec_time.png  used on input line 593.
(pdftex.def)             Requested size: 253.28053pt x 156.48756pt.

Overfull \hbox (131.3249pt too wide) in paragraph at lines 593--594
 [][] 
 []

<figure/experiment_en/syuron/gbt/tlb_miss.png, id=93, 360.8682pt x 221.628pt>
File: figure/experiment_en/syuron/gbt/tlb_miss.png Graphic file (type png)
<use figure/experiment_en/syuron/gbt/tlb_miss.png>
Package pdftex.def Info: figure/experiment_en/syuron/gbt/tlb_miss.png  used on input line 597.
(pdftex.def)             Requested size: 252.606pt x 155.13853pt.

Overfull \hbox (130.65038pt too wide) in paragraph at lines 597--598
 [][] 
 []

<figure/experiment_en/syuron/gbt/memory_size.png, id=94, 562.2606pt x 327.624pt>
File: figure/experiment_en/syuron/gbt/memory_size.png Graphic file (type png)
<use figure/experiment_en/syuron/gbt/memory_size.png>
Package pdftex.def Info: figure/experiment_en/syuron/gbt/memory_size.png  used on input line 603.
(pdftex.def)             Requested size: 253.01492pt x 147.42943pt.

Overfull \hbox (131.0593pt too wide) in paragraph at lines 603--604
 [][] 
 []

<figure/experiment_en/syuron/gbt/hugepage_size.png, id=95, 461.5644pt x 251.9814pt>
File: figure/experiment_en/syuron/gbt/hugepage_size.png Graphic file (type png)
<use figure/experiment_en/syuron/gbt/hugepage_size.png>
Package pdftex.def Info: figure/experiment_en/syuron/gbt/hugepage_size.png  used on input line 607.
(pdftex.def)             Requested size: 253.8612pt x 138.59018pt.

Overfull \hbox (131.90558pt too wide) in paragraph at lines 607--608
 [][] 
 []


Underfull \hbox (badness 10000) in paragraph at lines 591--609
[]$[]$
 []


Underfull \hbox (badness 10000) in paragraph at lines 591--609

 []


Underfull \hbox (badness 10000) in paragraph at lines 591--609
[]$
 []

[9 <./figure/experiment_en/syuron/lir/exec_time.png> <./figure/experiment_en/syuron/lir/tlb_miss.png> <./figure/experiment_en/syuron/lir/memory_size.png> <./figure/experiment_en/syuron/lir/hugepage_size.png>] [10 <./figure/experiment_en/syuron/gmm/exec_time.png> <./figure/experiment_en/syuron/gmm/tlb_miss.png> <./figure/experiment_en/syuron/gmm/memory_size.png> <./figure/experiment_en/syuron/gmm/hugepage_size.png> <./figure/experiment_en/syuron/gbt/exec_time.png> <./figure/experiment_en/syuron/gbt/tlb_miss.png> <./figure/experiment_en/syuron/gbt/memory_size.png> <./figure/experiment_en/syuron/gbt/hugepage_size.png>]
<figure/experiment_en/syuron/als/exec_time.png, id=114, 361.8318pt x 223.5552pt>
File: figure/experiment_en/syuron/als/exec_time.png Graphic file (type png)
<use figure/experiment_en/syuron/als/exec_time.png>
Package pdftex.def Info: figure/experiment_en/syuron/als/exec_time.png  used on input line 623.
(pdftex.def)             Requested size: 253.28053pt x 156.48756pt.

Overfull \hbox (131.3249pt too wide) in paragraph at lines 623--624
 [][] 
 []

<figure/experiment_en/syuron/als/tlb_miss.png, id=115, 361.8318pt x 221.1462pt>
File: figure/experiment_en/syuron/als/tlb_miss.png Graphic file (type png)
<use figure/experiment_en/syuron/als/tlb_miss.png>
Package pdftex.def Info: figure/experiment_en/syuron/als/tlb_miss.png  used on input line 627.
(pdftex.def)             Requested size: 253.28053pt x 154.80127pt.

Overfull \hbox (131.3249pt too wide) in paragraph at lines 627--628
 [][] 
 []

<figure/experiment_en/syuron/als/memory_size.png, id=116, 561.7788pt x 327.624pt>
File: figure/experiment_en/syuron/als/memory_size.png Graphic file (type png)
<use figure/experiment_en/syuron/als/memory_size.png>
Package pdftex.def Info: figure/experiment_en/syuron/als/memory_size.png  used on input line 633.
(pdftex.def)             Requested size: 252.79811pt x 147.42943pt.

Overfull \hbox (130.84248pt too wide) in paragraph at lines 633--634
 [][] 
 []

<figure/experiment_en/syuron/als/hugepage_size.png, id=117, 461.5644pt x 251.9814pt>
File: figure/experiment_en/syuron/als/hugepage_size.png Graphic file (type png)
<use figure/experiment_en/syuron/als/hugepage_size.png>
Package pdftex.def Info: figure/experiment_en/syuron/als/hugepage_size.png  used on input line 637.
(pdftex.def)             Requested size: 253.8612pt x 138.59018pt.

Overfull \hbox (131.90558pt too wide) in paragraph at lines 637--638
 [][] 
 []


Underfull \hbox (badness 10000) in paragraph at lines 621--639
[]$[]$
 []


Underfull \hbox (badness 10000) in paragraph at lines 621--639

 []


Underfull \hbox (badness 10000) in paragraph at lines 621--639
[]$
 []

<figure/experiment_en/syuron/svm/exec_time.png, id=118, 361.8318pt x 223.5552pt>
File: figure/experiment_en/syuron/svm/exec_time.png Graphic file (type png)
<use figure/experiment_en/syuron/svm/exec_time.png>
Package pdftex.def Info: figure/experiment_en/syuron/svm/exec_time.png  used on input line 650.
(pdftex.def)             Requested size: 253.28053pt x 156.48756pt.

Overfull \hbox (131.3249pt too wide) in paragraph at lines 650--651
 [][] 
 []

<figure/experiment_en/syuron/svm/tlb_miss.png, id=119, 362.3136pt x 221.1462pt>
File: figure/experiment_en/syuron/svm/tlb_miss.png Graphic file (type png)
<use figure/experiment_en/syuron/svm/tlb_miss.png>
Package pdftex.def Info: figure/experiment_en/syuron/svm/tlb_miss.png  used on input line 654.
(pdftex.def)             Requested size: 253.61778pt x 154.80127pt.

Overfull \hbox (131.66216pt too wide) in paragraph at lines 654--655
 [][] 
 []

<figure/experiment_en/syuron/svm/memory_size.png, id=120, 562.2606pt x 327.624pt>
File: figure/experiment_en/syuron/svm/memory_size.png Graphic file (type png)
<use figure/experiment_en/syuron/svm/memory_size.png>
Package pdftex.def Info: figure/experiment_en/syuron/svm/memory_size.png  used on input line 660.
(pdftex.def)             Requested size: 253.01492pt x 147.42943pt.

Overfull \hbox (131.0593pt too wide) in paragraph at lines 660--661
 [][] 
 []

<figure/experiment_en/syuron/svm/hugepage_size.png, id=121, 461.5644pt x 251.9814pt>
File: figure/experiment_en/syuron/svm/hugepage_size.png Graphic file (type png)
<use figure/experiment_en/syuron/svm/hugepage_size.png>
Package pdftex.def Info: figure/experiment_en/syuron/svm/hugepage_size.png  used on input line 664.
(pdftex.def)             Requested size: 253.8612pt x 138.59018pt.

Overfull \hbox (131.90558pt too wide) in paragraph at lines 664--665
 [][] 
 []


Underfull \hbox (badness 10000) in paragraph at lines 648--666
[]$[]$
 []


Underfull \hbox (badness 10000) in paragraph at lines 648--666

 []


Underfull \hbox (badness 10000) in paragraph at lines 648--666
[]$
 []

<figure/experiment_en/syuron/tc/exec_time.png, id=122, 362.3136pt x 217.7736pt>
File: figure/experiment_en/syuron/tc/exec_time.png Graphic file (type png)
<use figure/experiment_en/syuron/tc/exec_time.png>
Package pdftex.def Info: figure/experiment_en/syuron/tc/exec_time.png  used on input line 679.
(pdftex.def)             Requested size: 253.61778pt x 152.44046pt.

Overfull \hbox (131.66216pt too wide) in paragraph at lines 679--680
 [][] 
 []

<figure/experiment_en/syuron/tc/tlb_miss.png, id=123, 361.8318pt x 215.3646pt>
File: figure/experiment_en/syuron/tc/tlb_miss.png Graphic file (type png)
<use figure/experiment_en/syuron/tc/tlb_miss.png>
Package pdftex.def Info: figure/experiment_en/syuron/tc/tlb_miss.png  used on input line 683.
(pdftex.def)             Requested size: 253.28053pt x 150.75418pt.

Overfull \hbox (131.3249pt too wide) in paragraph at lines 683--684
 [][] 
 []

<figure/experiment_en/syuron/tc/memory_size.png, id=124, 562.2606pt x 327.624pt>
File: figure/experiment_en/syuron/tc/memory_size.png Graphic file (type png)
<use figure/experiment_en/syuron/tc/memory_size.png>
Package pdftex.def Info: figure/experiment_en/syuron/tc/memory_size.png  used on input line 689.
(pdftex.def)             Requested size: 253.01492pt x 147.42943pt.

Overfull \hbox (131.0593pt too wide) in paragraph at lines 689--690
 [][] 
 []

<figure/experiment_en/syuron/tc/hugepage_size.png, id=125, 461.5644pt x 251.9814pt>
File: figure/experiment_en/syuron/tc/hugepage_size.png Graphic file (type png)
<use figure/experiment_en/syuron/tc/hugepage_size.png>
Package pdftex.def Info: figure/experiment_en/syuron/tc/hugepage_size.png  used on input line 693.
(pdftex.def)             Requested size: 253.8612pt x 138.59018pt.

Overfull \hbox (131.90558pt too wide) in paragraph at lines 693--694
 [][] 
 []


Underfull \hbox (badness 10000) in paragraph at lines 677--695
[]$[]$
 []


Underfull \hbox (badness 10000) in paragraph at lines 677--695

 []


Underfull \hbox (badness 10000) in paragraph at lines 677--695
[]$
 []

[11 <./figure/experiment_en/syuron/als/exec_time.png> <./figure/experiment_en/syuron/als/tlb_miss.png> <./figure/experiment_en/syuron/als/memory_size.png> <./figure/experiment_en/syuron/als/hugepage_size.png>] [12 <./figure/experiment_en/syuron/svm/exec_time.png> <./figure/experiment_en/syuron/svm/tlb_miss.png> <./figure/experiment_en/syuron/svm/memory_size.png> <./figure/experiment_en/syuron/svm/hugepage_size.png> <./figure/experiment_en/syuron/tc/exec_time.png> <./figure/experiment_en/syuron/tc/tlb_miss.png> <./figure/experiment_en/syuron/tc/memory_size.png> <./figure/experiment_en/syuron/tc/hugepage_size.png>] (./iiswc22example.bbl
Underfull \vbox (badness 2503) has occurred while \output is active []

 [13])

** Conference Paper **
Before submitting the final camera ready copy, remember to:

 1. Manually equalize the lengths of two columns on the last page
 of your paper;

 2. Ensure that any PostScript and/or PDF output post-processing
 uses only Type 1 fonts and that every step in the generation
 process uses the appropriate paper size.

- LAST -
Extra skip:9.49147pt
Left:652.03537pt/0.0pt
Right:571.22867pt/1.89507pt
Output:576.07329pt
[14] (./iiswc22example.aux) ) 
Here is how much of TeX's memory you used:
 10622 strings out of 476017
 194599 string characters out of 5793767
 1886660 words of memory out of 5000000
 30532 multiletter control sequences out of 15000+600000
 785771 words of font info for 377 fonts, out of 8000000 for 9000
 1141 hyphenation exceptions out of 8191
 62i,10n,67p,1097b,494s stack positions out of 10000i,1000n,20000p,200000b,200000s
<c:/texlive/2023/texmf-dist/fonts/type1/public/libertine/LinLibertineT.pfb><c:/texlive/2023/texmf-dist/fonts/type1/public/libertine/LinLibertineTB.pfb><c:/texlive/2023/texmf-dist/fonts/type1/public/libertine/LinLibertineTI.pfb><c:/texlive/2023/texmf-dist/fonts/type1/public/amsfonts/cm/cmsy8.pfb>
Output written on iiswc22example.pdf (14 pages, 1434535 bytes).
PDF statistics:
 176 PDF objects out of 1000 (max. 8388607)
 52 compressed objects within 1 object stream
 0 named destinations out of 1000 (max. 500000)
 65782 words of extra memory for PDF output out of 74296 (max. 10000000)

